<?xml version="1.0" encoding="UTF-8"?>
<!-- Generated by org.testng.reporters.JUnitReportReporter -->
<testsuite hostname="LAPTOP-GV4F0G06" failures="0" tests="1" name="Main" time="0.837" errors="0" timestamp="2024-12-15T20:50:08 IST" skipped="0">
  <testcase classname="Main" name="testSimpleForm" time="0.837"/>
</testsuite> <!-- Main -->
